2026-07-19 08:46:43,556 INFO 0 completed, 324 pending.
2026-07-19 08:46:43,557 INFO Running small configs (N <= 600) with 2 parallel workers...
2026-07-19 08:46:44,380 INFO Done N=200 K=6 fi=0.1 dale=True stdp=True seed=2 rate=0.0071 food=1 time=0.8s
2026-07-19 08:46:44,469 INFO Done N=200 K=6 fi=0.1 dale=True stdp=True seed=1 rate=0.0090 food=2 time=0.9s
2026-07-19 08:46:44,972 INFO Done N=200 K=6 fi=0.1 dale=True stdp=False seed=1 rate=0.0091 food=2 time=0.5s
2026-07-19 08:46:45,188 INFO Done N=200 K=6 fi=0.1 dale=True stdp=True seed=3 rate=0.0081 food=2 time=0.8s
2026-07-19 08:46:45,405 INFO Done N=200 K=6 fi=0.1 dale=True stdp=False seed=2 rate=0.0057 food=0 time=0.4s
2026-07-19 08:46:45,760 INFO Done N=200 K=6 fi=0.1 dale=True stdp=False seed=3 rate=0.0108 food=6 time=0.6s
2026-07-19 08:46:46,212 INFO Done N=200 K=6 fi=0.1 dale=False stdp=True seed=1 rate=0.0073 food=1 time=0.8s
2026-07-19 08:46:46,551 INFO Done N=200 K=6 fi=0.1 dale=False stdp=True seed=2 rate=0.0071 food=1 time=0.8s
2026-07-19 08:46:47,030 INFO Done N=200 K=6 fi=0.1 dale=False stdp=False seed=1 rate=0.0058 food=0 time=0.5s
2026-07-19 08:46:47,065 INFO Done N=200 K=6 fi=0.1 dale=False stdp=True seed=3 rate=0.0081 food=2 time=0.9s
2026-07-19 08:46:47,466 INFO Done N=200 K=6 fi=0.1 dale=False stdp=False seed=2 rate=0.0057 food=0 time=0.4s
2026-07-19 08:46:47,658 INFO Done N=200 K=6 fi=0.1 dale=False stdp=False seed=3 rate=0.0108 food=6 time=0.6s
2026-07-19 08:46:48,368 INFO Done N=200 K=6 fi=0.2 dale=True stdp=True seed=1 rate=0.0090 food=2 time=0.9s
2026-07-19 08:46:48,465 INFO Done N=200 K=6 fi=0.2 dale=True stdp=True seed=2 rate=0.0071 food=1 time=0.8s
2026-07-19 08:46:48,983 INFO Done N=200 K=6 fi=0.2 dale=True stdp=False seed=1 rate=0.0091 food=2 time=0.5s
2026-07-19 08:46:49,174 INFO Done N=200 K=6 fi=0.2 dale=True stdp=True seed=3 rate=0.0081 food=2 time=0.8s
2026-07-19 08:46:49,438 INFO Done N=200 K=6 fi=0.2 dale=True stdp=False seed=2 rate=0.0057 food=0 time=0.5s
2026-07-19 08:46:49,717 INFO Done N=200 K=6 fi=0.2 dale=True stdp=False seed=3 rate=0.0108 food=6 time=0.5s
2026-07-19 08:46:50,240 INFO Done N=200 K=6 fi=0.2 dale=False stdp=True seed=1 rate=0.0073 food=1 time=0.8s
2026-07-19 08:46:50,516 INFO Done N=200 K=6 fi=0.2 dale=False stdp=True seed=2 rate=0.0071 food=1 time=0.8s
2026-07-19 08:46:50,956 INFO Done N=200 K=6 fi=0.2 dale=False stdp=False seed=1 rate=0.0058 food=0 time=0.4s
2026-07-19 08:46:51,082 INFO Done N=200 K=6 fi=0.2 dale=False stdp=True seed=3 rate=0.0081 food=2 time=0.8s
2026-07-19 08:46:51,423 INFO Done N=200 K=6 fi=0.2 dale=False stdp=False seed=2 rate=0.0057 food=0 time=0.5s
2026-07-19 08:46:51,663 INFO Done N=200 K=6 fi=0.2 dale=False stdp=False seed=3 rate=0.0108 food=6 time=0.6s
2026-07-19 08:46:52,336 INFO Done N=200 K=6 fi=0.3 dale=True stdp=True seed=1 rate=0.0093 food=2 time=0.9s
2026-07-19 08:46:52,376 INFO Done N=200 K=6 fi=0.3 dale=True stdp=True seed=2 rate=0.0057 food=0 time=0.7s
2026-07-19 08:46:52,903 INFO Done N=200 K=6 fi=0.3 dale=True stdp=False seed=1 rate=0.0089 food=2 time=0.5s
2026-07-19 08:46:53,182 INFO Done N=200 K=6 fi=0.3 dale=True stdp=True seed=3 rate=0.0081 food=2 time=0.8s
2026-07-19 08:46:53,383 INFO Done N=200 K=6 fi=0.3 dale=True stdp=False seed=2 rate=0.0057 food=0 time=0.5s
2026-07-19 08:46:53,760 INFO Done N=200 K=6 fi=0.3 dale=True stdp=False seed=3 rate=0.0108 food=6 time=0.6s
2026-07-19 08:46:54,177 INFO Done N=200 K=6 fi=0.3 dale=False stdp=True seed=1 rate=0.0075 food=1 time=0.8s
2026-07-19 08:46:54,460 INFO Done N=200 K=6 fi=0.3 dale=False stdp=True seed=2 rate=0.0057 food=0 time=0.7s
2026-07-19 08:46:54,904 INFO Done N=200 K=6 fi=0.3 dale=False stdp=False seed=1 rate=0.0059 food=0 time=0.4s
2026-07-19 08:46:54,994 INFO Done N=200 K=6 fi=0.3 dale=False stdp=True seed=3 rate=0.0081 food=2 time=0.8s
2026-07-19 08:46:55,370 INFO Done N=200 K=6 fi=0.3 dale=False stdp=False seed=2 rate=0.0057 food=0 time=0.5s
2026-07-19 08:46:55,584 INFO Done N=200 K=6 fi=0.3 dale=False stdp=False seed=3 rate=0.0108 food=6 time=0.6s
2026-07-19 08:46:56,312 INFO Done N=200 K=10 fi=0.1 dale=True stdp=True seed=2 rate=0.0057 food=0 time=0.7s
2026-07-19 08:46:56,325 INFO Done N=200 K=10 fi=0.1 dale=True stdp=True seed=1 rate=0.0089 food=2 time=1.0s
2026-07-19 08:46:56,816 INFO Done N=200 K=10 fi=0.1 dale=True stdp=False seed=1 rate=0.0074 food=1 time=0.5s
2026-07-19 08:46:57,268 INFO Done N=200 K=10 fi=0.1 dale=True stdp=False seed=2 rate=0.0057 food=0 time=0.5s
2026-07-19 08:46:57,394 INFO Done N=200 K=10 fi=0.1 dale=True stdp=True seed=3 rate=0.0118 food=4 time=1.1s
2026-07-19 08:46:57,799 INFO Done N=200 K=10 fi=0.1 dale=True stdp=False seed=3 rate=0.0096 food=2 time=0.5s
2026-07-19 08:46:58,227 INFO Done N=200 K=10 fi=0.1 dale=False stdp=True seed=1 rate=0.0073 food=1 time=0.8s
2026-07-19 08:46:58,529 INFO Done N=200 K=10 fi=0.1 dale=False stdp=True seed=2 rate=0.0057 food=0 time=0.7s
2026-07-19 08:46:58,998 INFO Done N=200 K=10 fi=0.1 dale=False stdp=False seed=1 rate=0.0058 food=0 time=0.5s
2026-07-19 08:46:59,343 INFO Done N=200 K=10 fi=0.1 dale=False stdp=True seed=3 rate=0.0118 food=4 time=1.1s
2026-07-19 08:46:59,481 INFO Done N=200 K=10 fi=0.1 dale=False stdp=False seed=2 rate=0.0057 food=0 time=0.5s
2026-07-19 08:46:59,904 INFO Done N=200 K=10 fi=0.1 dale=False stdp=False seed=3 rate=0.0096 food=2 time=0.6s
2026-07-19 08:47:00,444 INFO Done N=200 K=10 fi=0.2 dale=True stdp=True seed=1 rate=0.0089 food=2 time=1.0s
2026-07-19 08:47:00,636 INFO Done N=200 K=10 fi=0.2 dale=True stdp=True seed=2 rate=0.0057 food=0 time=0.7s
2026-07-19 08:47:01,139 INFO Done N=200 K=10 fi=0.2 dale=True stdp=False seed=1 rate=0.0074 food=1 time=0.5s
2026-07-19 08:47:01,583 INFO Done N=200 K=10 fi=0.2 dale=True stdp=True seed=3 rate=0.0118 food=4 time=1.1s
2026-07-19 08:47:01,649 INFO Done N=200 K=10 fi=0.2 dale=True stdp=False seed=2 rate=0.0057 food=0 time=0.5s
2026-07-19 08:47:02,121 INFO Done N=200 K=10 fi=0.2 dale=True stdp=False seed=3 rate=0.0096 food=2 time=0.5s
2026-07-19 08:47:02,511 INFO Done N=200 K=10 fi=0.2 dale=False stdp=True seed=1 rate=0.0073 food=1 time=0.9s
2026-07-19 08:47:02,880 INFO Done N=200 K=10 fi=0.2 dale=False stdp=True seed=2 rate=0.0057 food=0 time=0.8s
2026-07-19 08:47:03,341 INFO Done N=200 K=10 fi=0.2 dale=False stdp=False seed=1 rate=0.0058 food=0 time=0.5s
2026-07-19 08:47:03,617 INFO Done N=200 K=10 fi=0.2 dale=False stdp=True seed=3 rate=0.0118 food=4 time=1.1s
2026-07-19 08:47:03,822 INFO Done N=200 K=10 fi=0.2 dale=False stdp=False seed=2 rate=0.0057 food=0 time=0.5s
2026-07-19 08:47:04,158 INFO Done N=200 K=10 fi=0.2 dale=False stdp=False seed=3 rate=0.0096 food=2 time=0.5s
2026-07-19 08:47:04,673 INFO Done N=200 K=10 fi=0.3 dale=True stdp=True seed=1 rate=0.0073 food=1 time=0.9s
2026-07-19 08:47:05,216 INFO Done N=200 K=10 fi=0.3 dale=True stdp=True seed=2 rate=0.0100 food=5 time=1.1s
2026-07-19 08:47:05,701 INFO Done N=200 K=10 fi=0.3 dale=True stdp=False seed=1 rate=0.0073 food=1 time=0.5s
2026-07-19 08:47:05,736 INFO Done N=200 K=10 fi=0.3 dale=True stdp=True seed=3 rate=0.0118 food=4 time=1.1s
2026-07-19 08:47:06,158 INFO Done N=200 K=10 fi=0.3 dale=True stdp=False seed=2 rate=0.0057 food=0 time=0.5s
2026-07-19 08:47:06,267 INFO Done N=200 K=10 fi=0.3 dale=True stdp=False seed=3 rate=0.0096 food=2 time=0.5s
2026-07-19 08:47:06,916 INFO Done N=200 K=10 fi=0.3 dale=False stdp=True seed=1 rate=0.0058 food=0 time=0.8s
2026-07-19 08:47:06,990 INFO Done N=200 K=10 fi=0.3 dale=False stdp=True seed=2 rate=0.0057 food=0 time=0.7s
2026-07-19 08:47:07,480 INFO Done N=200 K=10 fi=0.3 dale=False stdp=False seed=1 rate=0.0074 food=1 time=0.5s
2026-07-19 08:47:07,932 INFO Done N=200 K=10 fi=0.3 dale=False stdp=False seed=2 rate=0.0057 food=0 time=0.5s
2026-07-19 08:47:08,029 INFO Done N=200 K=10 fi=0.3 dale=False stdp=True seed=3 rate=0.0118 food=4 time=1.1s
2026-07-19 08:47:08,479 INFO Done N=200 K=10 fi=0.3 dale=False stdp=False seed=3 rate=0.0096 food=2 time=0.5s
2026-07-19 08:47:08,885 INFO Done N=200 K=16 fi=0.1 dale=True stdp=True seed=1 rate=0.0058 food=0 time=0.9s
2026-07-19 08:47:09,303 INFO Done N=200 K=16 fi=0.1 dale=True stdp=True seed=2 rate=0.0057 food=0 time=0.8s
2026-07-19 08:47:09,717 INFO Done N=200 K=16 fi=0.1 dale=True stdp=True seed=3 rate=0.0067 food=0 time=0.8s
2026-07-19 08:47:09,906 INFO Done N=200 K=16 fi=0.1 dale=True stdp=False seed=1 rate=0.0103 food=3 time=0.6s
2026-07-19 08:47:10,254 INFO Done N=200 K=16 fi=0.1 dale=True stdp=False seed=2 rate=0.0067 food=1 time=0.5s
2026-07-19 08:47:10,442 INFO Done N=200 K=16 fi=0.1 dale=True stdp=False seed=3 rate=0.0083 food=1 time=0.5s
2026-07-19 08:47:11,093 INFO Done N=200 K=16 fi=0.1 dale=False stdp=True seed=1 rate=0.0058 food=0 time=0.8s
2026-07-19 08:47:11,260 INFO Done N=200 K=16 fi=0.1 dale=False stdp=True seed=2 rate=0.0057 food=0 time=0.8s
2026-07-19 08:47:11,768 INFO Done N=200 K=16 fi=0.1 dale=False stdp=False seed=1 rate=0.0058 food=0 time=0.5s
2026-07-19 08:47:11,955 INFO Done N=200 K=16 fi=0.1 dale=False stdp=True seed=3 rate=0.0067 food=0 time=0.9s
2026-07-19 08:47:12,326 INFO Done N=200 K=16 fi=0.1 dale=False stdp=False seed=2 rate=0.0067 food=1 time=0.6s
2026-07-19 08:47:12,515 INFO Done N=200 K=16 fi=0.1 dale=False stdp=False seed=3 rate=0.0083 food=1 time=0.6s
2026-07-19 08:47:13,136 INFO Done N=200 K=16 fi=0.2 dale=True stdp=True seed=1 rate=0.0058 food=0 time=0.8s
2026-07-19 08:47:13,320 INFO Done N=200 K=16 fi=0.2 dale=True stdp=True seed=2 rate=0.0057 food=0 time=0.8s
2026-07-19 08:47:13,930 INFO Done N=200 K=16 fi=0.2 dale=True stdp=False seed=1 rate=0.0103 food=3 time=0.6s
2026-07-19 08:47:13,974 INFO Done N=200 K=16 fi=0.2 dale=True stdp=True seed=3 rate=0.0067 food=0 time=0.8s
2026-07-19 08:47:14,453 INFO Done N=200 K=16 fi=0.2 dale=True stdp=False seed=2 rate=0.0067 food=1 time=0.5s
2026-07-19 08:47:14,500 INFO Done N=200 K=16 fi=0.2 dale=True stdp=False seed=3 rate=0.0083 food=1 time=0.5s
2026-07-19 08:47:15,289 INFO Done N=200 K=16 fi=0.2 dale=False stdp=True seed=1 rate=0.0058 food=0 time=0.8s
2026-07-19 08:47:15,309 INFO Done N=200 K=16 fi=0.2 dale=False stdp=True seed=2 rate=0.0057 food=0 time=0.8s
2026-07-19 08:47:15,810 INFO Done N=200 K=16 fi=0.2 dale=False stdp=False seed=1 rate=0.0058 food=0 time=0.5s
2026-07-19 08:47:16,147 INFO Done N=200 K=16 fi=0.2 dale=False stdp=True seed=3 rate=0.0067 food=0 time=0.9s
2026-07-19 08:47:16,333 INFO Done N=200 K=16 fi=0.2 dale=False stdp=False seed=2 rate=0.0067 food=1 time=0.5s
2026-07-19 08:47:16,700 INFO Done N=200 K=16 fi=0.2 dale=False stdp=False seed=3 rate=0.0083 food=1 time=0.5s
2026-07-19 08:47:17,146 INFO Done N=200 K=16 fi=0.3 dale=True stdp=True seed=1 rate=0.0059 food=0 time=0.8s
2026-07-19 08:47:17,589 INFO Done N=200 K=16 fi=0.3 dale=True stdp=True seed=2 rate=0.0068 food=1 time=0.9s
2026-07-19 08:47:17,984 INFO Done N=200 K=16 fi=0.3 dale=True stdp=True seed=3 rate=0.0067 food=0 time=0.8s
2026-07-19 08:47:18,104 INFO Done N=200 K=16 fi=0.3 dale=True stdp=False seed=1 rate=0.0059 food=0 time=0.5s
2026-07-19 08:47:18,478 INFO Done N=200 K=16 fi=0.3 dale=True stdp=False seed=2 rate=0.0057 food=0 time=0.5s
2026-07-19 08:47:18,628 INFO Done N=200 K=16 fi=0.3 dale=True stdp=False seed=3 rate=0.0083 food=1 time=0.5s
2026-07-19 08:47:19,416 INFO Done N=200 K=16 fi=0.3 dale=False stdp=True seed=1 rate=0.0074 food=1 time=0.9s
2026-07-19 08:47:19,540 INFO Done N=200 K=16 fi=0.3 dale=False stdp=True seed=2 rate=0.0068 food=1 time=0.9s
2026-07-19 08:47:20,042 INFO Done N=200 K=16 fi=0.3 dale=False stdp=False seed=1 rate=0.0058 food=0 time=0.5s
2026-07-19 08:47:20,280 INFO Done N=200 K=16 fi=0.3 dale=False stdp=True seed=3 rate=0.0067 food=0 time=0.9s
2026-07-19 08:47:20,631 INFO Done N=200 K=16 fi=0.3 dale=False stdp=False seed=2 rate=0.0091 food=2 time=0.6s
2026-07-19 08:47:20,832 INFO Done N=200 K=16 fi=0.3 dale=False stdp=False seed=3 rate=0.0083 food=1 time=0.5s
2026-07-19 08:47:22,034 INFO Done N=600 K=6 fi=0.1 dale=True stdp=True seed=1 rate=0.0042 food=5 time=1.4s
2026-07-19 08:47:22,111 INFO Done N=600 K=6 fi=0.1 dale=True stdp=True seed=2 rate=0.0033 food=2 time=1.3s
2026-07-19 08:47:22,795 INFO Done N=600 K=6 fi=0.1 dale=True stdp=False seed=1 rate=0.0030 food=3 time=0.7s
2026-07-19 08:47:23,080 INFO Done N=600 K=6 fi=0.1 dale=True stdp=True seed=3 rate=0.0023 food=0 time=1.0s
2026-07-19 08:47:23,468 INFO Done N=600 K=6 fi=0.1 dale=True stdp=False seed=2 rate=0.0034 food=2 time=0.7s
2026-07-19 08:47:23,690 INFO Done N=600 K=6 fi=0.1 dale=True stdp=False seed=3 rate=0.0023 food=0 time=0.6s
2026-07-19 08:47:24,689 INFO Done N=600 K=6 fi=0.1 dale=False stdp=True seed=1 rate=0.0034 food=3 time=1.2s
2026-07-19 08:47:24,927 INFO Done N=600 K=6 fi=0.1 dale=False stdp=True seed=2 rate=0.0033 food=2 time=1.2s
2026-07-19 08:47:25,642 INFO Done N=600 K=6 fi=0.1 dale=False stdp=False seed=1 rate=0.0035 food=4 time=0.7s
2026-07-19 08:47:25,691 INFO Done N=600 K=6 fi=0.1 dale=False stdp=True seed=3 rate=0.0023 food=0 time=1.0s
2026-07-19 08:47:26,351 INFO Done N=600 K=6 fi=0.1 dale=False stdp=False seed=3 rate=0.0030 food=1 time=0.7s
2026-07-19 08:47:26,376 INFO Done N=600 K=6 fi=0.1 dale=False stdp=False seed=2 rate=0.0034 food=2 time=0.7s
2026-07-19 08:47:27,615 INFO Done N=600 K=6 fi=0.2 dale=True stdp=True seed=1 rate=0.0034 food=3 time=1.3s
2026-07-19 08:47:27,793 INFO Done N=600 K=6 fi=0.2 dale=True stdp=True seed=2 rate=0.0041 food=4 time=1.4s
